<?xml version="1.0" encoding="UTF-8"?>
<testsuite xmlns:xsi="http://www.w3.org/2001/XMLSchema-instance" xsi:noNamespaceSchemaLocation="https://maven.apache.org/surefire/maven-surefire-plugin/xsd/surefire-test-report.xsd" version="3.0.2" name="web.intro.WebIntroApplicationTests" time="10.303" tests="1" errors="0" skipped="0" failures="0">
  <properties>
[...]
</properties>
  <testcase name="contextLoads" classname="web.intro.WebIntroApplicationTests" time="1.015">
    <system-out><![CDATA[13:44:56.803 [main] INFO org.springframework.test.context.support.AnnotationConfigContextLoaderUtils -- Could not detect default configuration classes for test class [web.intro.WebIntroApplicationTests]: WebIntroApplicationTests does not declare any static, non-private, non-final, nested classes annotated with @Configuration.
13:44:57.034 [main] INFO org.springframework.boot.test.context.SpringBootTestContextBootstrapper -- Found @SpringBootConfiguration web.intro.WebIntroApplication for test class web.intro.WebIntroApplicationTests

  .   ____          _            __ _ _
 /\\ / ___'_ __ _ _(_)_ __  __ _ \ \ \ \
( ( )\___ | '_ | '_| | '_ \/ _` | \ \ \ \
 \\/  ___)| |_)| | | | | || (_| |  ) ) ) )
  '  |____| .__|_| |_|_| |_\__, | / / / /
 =========|_|==============|___/=/_/_/_/

 :: Spring Boot ::                (v3.4.2)

2025-04-08T13:44:57.791+03:00  INFO 12244 --- [web-intro] [           main] web.intro.WebIntroApplicationTests       : Starting WebIntroApplicationTests using Java 21.0.5 with PID 12244 (started by rus19 in D:\java\Spring-boot-data-JPA)
2025-04-08T13:44:57.793+03:00  INFO 12244 --- [web-intro] [           main] web.intro.WebIntroApplicationTests       : No active profile set, falling back to 1 default profile: "default"
2025-04-08T13:44:59.080+03:00  INFO 12244 --- [web-intro] [           main] .s.d.r.c.RepositoryConfigurationDelegate : Bootstrapping Spring Data JPA repositories in DEFAULT mode.
2025-04-08T13:44:59.195+03:00  INFO 12244 --- [web-intro] [           main] .s.d.r.c.RepositoryConfigurationDelegate : Finished Spring Data repository scanning in 98 ms. Found 1 JPA repository interface.
2025-04-08T13:44:59.915+03:00  INFO 12244 --- [web-intro] [           main] com.zaxxer.hikari.HikariDataSource       : HikariPool-1 - Starting...
2025-04-08T13:45:00.723+03:00  INFO 12244 --- [web-intro] [           main] com.zaxxer.hikari.pool.HikariPool        : HikariPool-1 - Added connection com.mysql.cj.jdbc.ConnectionImpl@492521c4
2025-04-08T13:45:00.726+03:00  INFO 12244 --- [web-intro] [           main] com.zaxxer.hikari.HikariDataSource       : HikariPool-1 - Start completed.
2025-04-08T13:45:02.261+03:00  INFO 12244 --- [web-intro] [           main] liquibase.changelog                      : Reading from bookstore.databasechangelog
2025-04-08T13:45:02.359+03:00  INFO 12244 --- [web-intro] [           main] liquibase.ui                             : Database is up to date, no changesets to execute
2025-04-08T13:45:02.365+03:00  INFO 12244 --- [web-intro] [           main] liquibase.changelog                      : Reading from bookstore.databasechangelog
2025-04-08T13:45:02.378+03:00  INFO 12244 --- [web-intro] [           main] liquibase.util                           : UPDATE SUMMARY
2025-04-08T13:45:02.378+03:00  INFO 12244 --- [web-intro] [           main] liquibase.util                           : Run:                          0
2025-04-08T13:45:02.378+03:00  INFO 12244 --- [web-intro] [           main] liquibase.util                           : Previously run:               1
2025-04-08T13:45:02.378+03:00  INFO 12244 --- [web-intro] [           main] liquibase.util                           : Filtered out:                 0
2025-04-08T13:45:02.379+03:00  INFO 12244 --- [web-intro] [           main] liquibase.util                           : -------------------------------
2025-04-08T13:45:02.379+03:00  INFO 12244 --- [web-intro] [           main] liquibase.util                           : Total change sets:            1
2025-04-08T13:45:02.380+03:00  INFO 12244 --- [web-intro] [           main] liquibase.util                           : Update summary generated
2025-04-08T13:45:02.384+03:00  INFO 12244 --- [web-intro] [           main] liquibase.command                        : Command execution complete
2025-04-08T13:45:02.553+03:00  INFO 12244 --- [web-intro] [           main] o.hibernate.jpa.internal.util.LogHelper  : HHH000204: Processing PersistenceUnitInfo [name: default]
2025-04-08T13:45:02.690+03:00  INFO 12244 --- [web-intro] [           main] org.hibernate.Version                    : HHH000412: Hibernate ORM core version 6.6.5.Final
2025-04-08T13:45:02.742+03:00  INFO 12244 --- [web-intro] [           main] o.h.c.internal.RegionFactoryInitiator    : HHH000026: Second-level cache disabled
2025-04-08T13:45:03.275+03:00  INFO 12244 --- [web-intro] [           main] o.s.o.j.p.SpringPersistenceUnitInfo      : No LoadTimeWeaver setup: ignoring JPA class transformer
2025-04-08T13:45:03.356+03:00  WARN 12244 --- [web-intro] [           main] org.hibernate.orm.deprecation            : HHH90000025: MySQLDialect does not need to be specified explicitly using 'hibernate.dialect' (remove the property setting and it will be selected by default)
2025-04-08T13:45:03.422+03:00  INFO 12244 --- [web-intro] [           main] org.hibernate.orm.connections.pooling    : HHH10001005: Database info:
	Database JDBC URL [Connecting through datasource 'HikariDataSource (HikariPool-1)']
	Database driver: undefined/unknown
	Database version: 8.0.40
	Autocommit mode: undefined/unknown
	Isolation level: undefined/unknown
	Minimum pool size: undefined/unknown
	Maximum pool size: undefined/unknown
2025-04-08T13:45:04.550+03:00  INFO 12244 --- [web-intro] [           main] o.h.e.t.j.p.i.JtaPlatformInitiator       : HHH000489: No JTA platform available (set 'hibernate.transaction.jta.platform' to enable JTA platform integration)
2025-04-08T13:45:04.591+03:00  INFO 12244 --- [web-intro] [           main] j.LocalContainerEntityManagerFactoryBean : Initialized JPA EntityManagerFactory for persistence unit 'default'
2025-04-08T13:45:05.155+03:00  WARN 12244 --- [web-intro] [           main] JpaBaseConfiguration$JpaWebConfiguration : spring.jpa.open-in-view is enabled by default. Therefore, database queries may be performed during view rendering. Explicitly configure spring.jpa.open-in-view to disable this warning
2025-04-08T13:45:05.716+03:00  INFO 12244 --- [web-intro] [           main] web.intro.WebIntroApplicationTests       : Started WebIntroApplicationTests in 8.387 seconds (process running for 10.205)
]]></system-out>
    <system-err><![CDATA[Mockito is currently self-attaching to enable the inline-mock-maker. This will no longer work in future releases of the JDK. Please add Mockito as an agent to your build what is described in Mockito's documentation: https://javadoc.io/doc/org.mockito/mockito-core/latest/org/mockito/Mockito.html#0.3
WARNING: A Java agent has been loaded dynamically (C:\Users\rus19\.m2\repository\net\bytebuddy\byte-buddy-agent\1.15.11\byte-buddy-agent-1.15.11.jar)
WARNING: If a serviceability tool is in use, please run with -XX:+EnableDynamicAgentLoading to hide this warning
WARNING: If a serviceability tool is not in use, please run with -Djdk.instrument.traceUsage for more information
WARNING: Dynamic loading of agents will be disallowed by default in a future release
]]></system-err>
  </testcase>
</testsuite>